[debug] [2020-11-23T04:40:56.101Z] ----------------------------------------------------------------------
[debug] [2020-11-23T04:40:56.103Z] Command:       C:\Program Files\nodejs\node.exe C:\Users\thuyv\AppData\Roaming\npm\node_modules\firebase-tools\lib\bin\firebase.js deploy
[debug] [2020-11-23T04:40:56.103Z] CLI Version:   8.6.0
[debug] [2020-11-23T04:40:56.103Z] Platform:      win32
[debug] [2020-11-23T04:40:56.103Z] Node Version:  v12.18.1
[debug] [2020-11-23T04:40:56.105Z] Time:          Mon Nov 23 2020 11:40:56 GMT+0700 (Indochina Time)
[debug] [2020-11-23T04:40:56.106Z] ----------------------------------------------------------------------
[debug] [2020-11-23T04:40:56.106Z] 
[debug] [2020-11-23T04:40:56.113Z] > command requires scopes: ["email","openid","https://www.googleapis.com/auth/cloudplatformprojects.readonly","https://www.googleapis.com/auth/firebase","https://www.googleapis.com/auth/cloud-platform"]
[debug] [2020-11-23T04:40:56.113Z] > authorizing via signed-in user
[debug] [2020-11-23T04:40:56.113Z] [iam] checking project nhatro-sac for permissions ["firebase.projects.get","firebasehosting.sites.update"]
[debug] [2020-11-23T04:40:56.116Z] >>> HTTP REQUEST POST https://cloudresourcemanager.googleapis.com/v1/projects/nhatro-sac:testIamPermissions  
 {"permissions":["firebase.projects.get","firebasehosting.sites.update"]}
[debug] [2020-11-23T04:40:57.175Z] <<< HTTP RESPONSE 200 {"content-type":"application/json; charset=UTF-8","vary":"X-Origin, Referer, Origin,Accept-Encoding","date":"Mon, 23 Nov 2020 04:40:56 GMT","server":"ESF","cache-control":"private","x-xss-protection":"0","x-frame-options":"SAMEORIGIN","x-content-type-options":"nosniff","server-timing":"gfet4t7; dur=812","alt-svc":"h3-29=\":443\"; ma=2592000,h3-T051=\":443\"; ma=2592000,h3-Q050=\":443\"; ma=2592000,h3-Q046=\":443\"; ma=2592000,h3-Q043=\":443\"; ma=2592000,quic=\":443\"; ma=2592000; v=\"46,43\"","accept-ranges":"none","transfer-encoding":"chunked"}
[debug] [2020-11-23T04:40:57.177Z] >>> HTTP REQUEST GET https://firebase.googleapis.com/v1beta1/projects/nhatro-sac  
 
[debug] [2020-11-23T04:40:57.696Z] <<< HTTP RESPONSE 200 {"content-type":"application/json; charset=UTF-8","vary":"X-Origin, Referer, Origin,Accept-Encoding","date":"Mon, 23 Nov 2020 04:40:57 GMT","server":"ESF","cache-control":"private","x-xss-protection":"0","x-frame-options":"SAMEORIGIN","x-content-type-options":"nosniff","alt-svc":"h3-29=\":443\"; ma=2592000,h3-T051=\":443\"; ma=2592000,h3-Q050=\":443\"; ma=2592000,h3-Q046=\":443\"; ma=2592000,h3-Q043=\":443\"; ma=2592000,quic=\":443\"; ma=2592000; v=\"46,43\"","accept-ranges":"none","transfer-encoding":"chunked"}
[info] 
[info] === Deploying to 'nhatro-sac'...
[info] 
[info] i  deploying hosting 
[debug] [2020-11-23T04:40:57.721Z] >>> HTTP REQUEST POST https://firebasehosting.googleapis.com/v1beta1/sites/nhatro-sac/versions  
 {"config":{"rewrites":[{"glob":"**","path":"/index.html"}]},"labels":{"deployment-tool":"cli-firebase"}}
[debug] [2020-11-23T04:40:59.454Z] <<< HTTP RESPONSE 200 {"content-type":"application/json; charset=UTF-8","vary":"X-Origin, Referer, Origin,Accept-Encoding","date":"Mon, 23 Nov 2020 04:40:58 GMT","server":"ESF","cache-control":"private","x-xss-protection":"0","x-frame-options":"SAMEORIGIN","x-content-type-options":"nosniff","alt-svc":"h3-29=\":443\"; ma=2592000,h3-T051=\":443\"; ma=2592000,h3-Q050=\":443\"; ma=2592000,h3-Q046=\":443\"; ma=2592000,h3-Q043=\":443\"; ma=2592000,quic=\":443\"; ma=2592000; v=\"46,43\"","accept-ranges":"none","transfer-encoding":"chunked"}
[info] i  hosting[nhatro-sac]: beginning deploy... 
[info] i  hosting[nhatro-sac]: found 99 files in dist 
[debug] [2020-11-23T04:41:01.523Z] [hosting] hash cache [ZGlzdA] stored for 99 files
[debug] [2020-11-23T04:41:01.523Z] [hosting][hash queue][FINAL] {"max":1849,"min":26,"avg":203.2525252525252,"active":0,"complete":99,"success":99,"errored":0,"retried":0,"total":99,"elapsed":2001}
[debug] [2020-11-23T04:41:01.523Z] >>> HTTP REQUEST POST https://firebasehosting.googleapis.com/v1beta1/sites/nhatro-sac/versions/d2d201ab1f26e9a2:populateFiles  
 <request body omitted>
[debug] [2020-11-23T04:41:03.042Z] <<< HTTP RESPONSE 200 {"content-type":"application/json; charset=UTF-8","vary":"X-Origin, Referer, Origin,Accept-Encoding","date":"Mon, 23 Nov 2020 04:41:02 GMT","server":"ESF","cache-control":"private","x-xss-protection":"0","x-frame-options":"SAMEORIGIN","x-content-type-options":"nosniff","alt-svc":"h3-29=\":443\"; ma=2592000,h3-T051=\":443\"; ma=2592000,h3-Q050=\":443\"; ma=2592000,h3-Q046=\":443\"; ma=2592000,h3-Q043=\":443\"; ma=2592000,quic=\":443\"; ma=2592000; v=\"46,43\"","accept-ranges":"none","transfer-encoding":"chunked"}
[debug] [2020-11-23T04:41:03.047Z] [hosting][populate queue][FINAL] {"max":1522,"min":1522,"avg":1522,"active":0,"complete":1,"success":1,"errored":0,"retried":0,"total":1,"elapsed":1525}
[debug] [2020-11-23T04:41:03.047Z] [hosting] uploads queued: 7
